#
# There is insufficient memory for the Java Runtime Environment to continue.
# Native memory allocation (mmap) failed to map 67108864 bytes for G1 virtual space
# Possible reasons:
#   The system is out of physical RAM or swap space
#   The process is running with CompressedOops enabled, and the Java Heap may be blocking the growth of the native heap
# Possible solutions:
#   Reduce memory load on the system
#   Increase physical memory or swap space
#   Check if swap backing store is full
#   Decrease Java heap size (-Xmx/-Xms)
#   Decrease number of Java threads
#   Decrease Java thread stack sizes (-Xss)
#   Set larger code cache with -XX:ReservedCodeCacheSize=
#   JVM is running with Unscaled Compressed Oops mode in which the Java heap is
#     placed in the first 4GB address space. The Java Heap base address is the
#     maximum limit for the native heap growth. Please use -XX:HeapBaseMinAddress
#     to set the Java Heap base and to place the Java Heap above 4GB virtual address.
# This output file may be truncated or incomplete.
#
#  Out of Memory Error (os_windows.cpp:3528), pid=1248, tid=9396
#
# JRE version:  (20.0.1+9) (build )
# Java VM: Java HotSpot(TM) 64-Bit Server VM (20.0.1+9-29, mixed mode, sharing, tiered, compressed oops, compressed class ptrs, g1 gc, windows-amd64)
# No core dump will be written. Minidumps are not enabled by default on client versions of Windows
#

---------------  S U M M A R Y ------------

Command Line: -Dfile.encoding=UTF-8 --module-path=C:\Users\my pc\Documents\NetBeansProjects\University Management System\build\classes university.management.system.Project

Host: Intel(R) Core(TM) i3-6006U CPU @ 2.00GHz, 4 cores, 3G,  Windows 10 , 64 bit Build 19041 (10.0.19041.3636)
Time: Wed Dec 27 22:48:36 2023 India Standard Time elapsed time: 0.031982 seconds (0d 0h 0m 0s)

---------------  T H R E A D  ---------------

Current thread (0x0000011aa922b780):  JavaThread "Unknown thread" [_thread_in_vm, id=9396, stack(0x00000007bc400000,0x00000007bc500000)]

Stack: [0x00000007bc400000,0x00000007bc500000]
Native frames: (J=compiled Java code, j=interpreted, Vv=VM code, C=native code)
V  [jvm.dll+0x6bb95a]
V  [jvm.dll+0x8485fa]
V  [jvm.dll+0x84a1f5]
V  [jvm.dll+0x84a8f3]
V  [jvm.dll+0x280b0f]
V  [jvm.dll+0x6b86e9]
V  [jvm.dll+0x6ad2da]
V  [jvm.dll+0x35adf5]
V  [jvm.dll+0x363016]
V  [jvm.dll+0x3b3b3e]
V  [jvm.dll+0x3b3dc5]
V  [jvm.dll+0x32b50a]
V  [jvm.dll+0x32c32b]
V  [jvm.dll+0x8112bf]
V  [jvm.dll+0x3c0d91]
V  [jvm.dll+0x7fcfe3]
V  [jvm.dll+0x44c76f]
V  [jvm.dll+0x44e0e1]
C  [jli.dll+0x5287]
C  [ucrtbase.dll+0x21bb2]
C  [KERNEL32.DLL+0x17344]
C  [ntdll.dll+0x526b1]


---------------  P R O C E S S  ---------------

Threads class SMR info:
_java_thread_list=0x00007ff902a0a098, length=0, elements={
}

Java Threads: ( => current thread )

Other Threads:
  0x0000011aa926b5f0 WorkerThread "GC Thread#0" [stack: 0x00000007bc500000,0x00000007bc600000] [id=17228]
  0x0000011aa92751a0 ConcurrentGCThread "G1 Main Marker" [stack: 0x00000007bc600000,0x00000007bc700000] [id=2476]
  0x0000011aa9275ae0 WorkerThread "G1 Conc#0" [stack: 0x00000007bc700000,0x00000007bc800000] [id=9008]

[error occurred during error reporting (printing all threads), id 0xc0000005, EXCEPTION_ACCESS_VIOLATION (0xc0000005) at pc=0x00007ff9021eeb47]
VM state: not at safepoint (not fully initialized)

VM Mutex/Monitor currently owned by a thread:  ([mutex/lock_event])
[0x0000011aa9226ee0] Heap_lock - owner thread: 0x0000011aa922b780

Heap address: 0x00000000c1400000, size: 1004 MB, Compressed Oops mode: 32-bit

CDS archive(s) mapped at: [0x0000000000000000-0x0000000000000000-0x0000000000000000), size 0, SharedBaseAddress: 0x0000000800000000, ArchiveRelocationMode: 0.
Narrow klass base: 0x0000000000000000, Narrow klass shift: 0, Narrow klass range: 0x0

GC Precious Log:
 CardTable entry size: 512
 Card Set container configuration: InlinePtr #cards 5 size 8 Array Of Cards #cards 12 size 40 Howl #buckets 4 coarsen threshold 1843 Howl Bitmap #cards 512 size 80 coarsen threshold 460 Card regions per heap region 1 cards per card region 2048

Heap:
 garbage-first heap   total 0K, used 0K [0x00000000c1400000, 0x0000000100000000)
  region size 1024K, 0 young (0K), 0 survivors (0K)

[error occurred during error reporting (printing heap information), id 0xc0000005, EXCEPTION_ACCESS_VIOLATION (0xc0000005) at pc=0x00007ff9025c3c59]
GC Heap History (0 events):
No events

Dll operation events (1 events):
Event: 0.019 Loaded shared library C:\Program Files\Java\jdk-20\bin\java.dll

Deoptimization events (0 events):
No events

Classes loaded (0 events):
No events

Classes unloaded (0 events):
No events

Classes redefined (0 events):
No events

Internal exceptions (0 events):
No events

VM Operations (0 events):
No events

Events (0 events):
No events


Dynamic libraries:
0x00007ff749830000 - 0x00007ff749840000 	C:\Program Files\Java\jdk-20\bin\java.exe
0x00007ff9565b0000 - 0x00007ff9567a8000 	C:\Windows\SYSTEM32\ntdll.dll
0x00007ff954e10000 - 0x00007ff954ecd000 	C:\Windows\System32\KERNEL32.DLL
0x00007ff953d90000 - 0x00007ff954086000 	C:\Windows\System32\KERNELBASE.dll
0x00007ff953c90000 - 0x00007ff953d90000 	C:\Windows\System32\ucrtbase.dll
0x00007ff9445c0000 - 0x00007ff9445db000 	C:\Program Files\Java\jdk-20\bin\VCRUNTIME140.dll
0x00007ff94dc60000 - 0x00007ff94dc79000 	C:\Program Files\Java\jdk-20\bin\jli.dll
0x00007ff954a90000 - 0x00007ff954b3f000 	C:\Windows\System32\ADVAPI32.dll
0x00007ff955260000 - 0x00007ff9552fe000 	C:\Windows\System32\msvcrt.dll
0x00007ff954b70000 - 0x00007ff954c0c000 	C:\Windows\System32\sechost.dll
0x00007ff955490000 - 0x00007ff9555b6000 	C:\Windows\System32\RPCRT4.dll
0x00007ff954c70000 - 0x00007ff954e0e000 	C:\Windows\System32\USER32.dll
0x00007ff9545e0000 - 0x00007ff954602000 	C:\Windows\System32\win32u.dll
0x00007ff954b40000 - 0x00007ff954b6c000 	C:\Windows\System32\GDI32.dll
0x00007ff954360000 - 0x00007ff95447a000 	C:\Windows\System32\gdi32full.dll
0x00007ff954230000 - 0x00007ff9542cd000 	C:\Windows\System32\msvcp_win.dll
0x00007ff942020000 - 0x00007ff9422ba000 	C:\Windows\WinSxS\amd64_microsoft.windows.common-controls_6595b64144ccf1df_6.0.19041.3636_none_60b6a03d71f818d5\COMCTL32.dll
0x00007ff94c5f0000 - 0x00007ff94c5fa000 	C:\Windows\SYSTEM32\VERSION.dll
0x00007ff956520000 - 0x00007ff956550000 	C:\Windows\System32\IMM32.DLL
0x00007ff94cbe0000 - 0x00007ff94cbec000 	C:\Program Files\Java\jdk-20\bin\vcruntime140_1.dll
0x00007ff931d00000 - 0x00007ff931d8e000 	C:\Program Files\Java\jdk-20\bin\msvcp140.dll
0x00007ff901eb0000 - 0x00007ff902b47000 	C:\Program Files\Java\jdk-20\bin\server\jvm.dll
0x00007ff943790000 - 0x00007ff9437b7000 	C:\Windows\SYSTEM32\WINMM.dll
0x00007ff94f440000 - 0x00007ff94f449000 	C:\Windows\SYSTEM32\WSOCK32.dll
0x00007ff9551f0000 - 0x00007ff95525b000 	C:\Windows\System32\WS2_32.dll
0x00007ff9524e0000 - 0x00007ff9524f2000 	C:\Windows\SYSTEM32\kernel.appcore.dll
0x00007ff9445b0000 - 0x00007ff9445ba000 	C:\Program Files\Java\jdk-20\bin\jimage.dll
0x00007ff951a40000 - 0x00007ff951c24000 	C:\Windows\SYSTEM32\DBGHELP.DLL
0x00007ff93f0f0000 - 0x00007ff93f124000 	C:\Windows\SYSTEM32\dbgcore.DLL
0x00007ff9542d0000 - 0x00007ff954352000 	C:\Windows\System32\bcryptPrimitives.dll
0x00007ff9430e0000 - 0x00007ff943106000 	C:\Program Files\Java\jdk-20\bin\java.dll

dbghelp: loaded successfully - version: 4.0.5 - missing functions: none
symbol engine: initialized successfully - sym options: 0x614 - pdb path: .;C:\Program Files\Java\jdk-20\bin;C:\Windows\SYSTEM32;C:\Windows\WinSxS\amd64_microsoft.windows.common-controls_6595b64144ccf1df_6.0.19041.3636_none_60b6a03d71f818d5;C:\Program Files\Java\jdk-20\bin\server

VM Arguments:
jvm_args: -Dfile.encoding=UTF-8 --module-path=C:\Users\my pc\Documents\NetBeansProjects\University Management System\build\classes 
java_command: university.management.system.Project
java_class_path (initial): C:\Users\my pc\Downloads\Jar-20230916T152023Z-001.zip;C:\Users\my pc\Desktop\mysql-connector-java-8.0.28.jar;C:\Users\my pc\Desktop\jcalendar-tz-1.3.3-4.jar;C:\Users\my pc\Desktop\rs2xml.jar;C:\Users\my pc\Documents\NetBeansProjects\University Management System\build\classes
Launcher Type: SUN_STANDARD

[Global flags]
     intx CICompilerCount                          = 3                                         {product} {ergonomic}
     uint ConcGCThreads                            = 1                                         {product} {ergonomic}
     uint G1ConcRefinementThreads                  = 4                                         {product} {ergonomic}
   size_t G1HeapRegionSize                         = 1048576                                   {product} {ergonomic}
    uintx GCDrainStackTargetSize                   = 64                                        {product} {ergonomic}
   size_t InitialHeapSize                          = 67108864                                  {product} {ergonomic}
   size_t MarkStackSize                            = 4194304                                   {product} {ergonomic}
   size_t MaxHeapSize                              = 1052770304                                {product} {ergonomic}
   size_t MinHeapDeltaBytes                        = 1048576                                   {product} {ergonomic}
   size_t MinHeapSize                              = 8388608                                   {product} {ergonomic}
    uintx NonNMethodCodeHeapSize                   = 5832780                                {pd product} {ergonomic}
    uintx NonProfiledCodeHeapSize                  = 122912730                              {pd product} {ergonomic}
    uintx ProfiledCodeHeapSize                     = 122912730                              {pd product} {ergonomic}
    uintx ReservedCodeCacheSize                    = 251658240                              {pd product} {ergonomic}
     bool SegmentedCodeCache                       = true                                      {product} {ergonomic}
   size_t SoftMaxHeapSize                          = 1052770304                             {manageable} {ergonomic}
     bool UseCompressedClassPointers               = true                           {product lp64_product} {ergonomic}
     bool UseCompressedOops                        = true                           {product lp64_product} {ergonomic}
     bool UseG1GC                                  = true                                      {product} {ergonomic}
     bool UseLargePagesIndividualAllocation        = false                                  {pd product} {ergonomic}

Logging:
Log output configuration:
 #0: stdout all=warning uptime,level,tags foldmultilines=false
 #1: stderr all=off uptime,level,tags foldmultilines=false

Environment Variables:
PATH=C:\Program Files\Common Files\Oracle\Java\javapath;C:\Windows\system32;C:\Windows;C:\Windows\System32\Wbem;C:\Windows\System32\WindowsPowerShell\v1.0\;C:\Windows\System32\OpenSSH\;jdk-20_windows-x64_bin.zip\jdk-20.0.1\bin - ZIP archive, unpacked size 321,327,654 bytes;C:\Program Files\Java\jdk-17\bin;C:\Program Files\MySQL\MySQL Server 8.0\bin;C:\Program Files\MySQL\MySQL Shell 8.0\bin\;C:\Users\my pc\AppData\Local\Microsoft\WindowsApps;;C:\Users\my pc\AppData\Local\Programs\Microsoft VS Code\bin
USERNAME=my pc
OS=Windows_NT
PROCESSOR_IDENTIFIER=Intel64 Family 6 Model 78 Stepping 3, GenuineIntel
TMP=C:\Users\MYPC~1\AppData\Local\Temp
TEMP=C:\Users\MYPC~1\AppData\Local\Temp




---------------  S Y S T E M  ---------------

OS:
 Windows 10 , 64 bit Build 19041 (10.0.19041.3636)
OS uptime: 17 days 15:50 hours

CPU: total 4 (initial active 4) (2 cores per cpu, 2 threads per core) family 6 model 78 stepping 3 microcode 0xcc, cx8, cmov, fxsr, ht, mmx, 3dnowpref, sse, sse2, sse3, ssse3, sse4.1, sse4.2, popcnt, lzcnt, tsc, tscinvbit, avx, avx2, aes, erms, clmul, bmi1, bmi2, adx, fma, vzeroupper, clflush, clflushopt, rdtscp, f16c

Memory: 4k page, system-wide physical 4012M (438M free)
TotalPageFile size 16300M (AvailPageFile size 7M)
current process WorkingSet (physical memory assigned to process): 9M, peak: 9M
current process commit charge ("private bytes"): 51M, peak: 115M

vm_info: Java HotSpot(TM) 64-Bit Server VM (20.0.1+9-29) for windows-amd64 JRE (20.0.1+9-29), built on 2023-03-07T13:56:11Z by "mach5one" with MS VC++ 17.1 (VS2022)

END.
