#
# A fatal error has been detected by the Java Runtime Environment:
#
#  EXCEPTION_ACCESS_VIOLATION (0xc0000005) at pc=0x00007ff9445b1bc5, pid=17024, tid=9616
#
# JRE version:  (20.0.1+9) (build )
# Java VM: Java HotSpot(TM) 64-Bit Server VM (20.0.1+9-29, mixed mode, sharing, tiered, unknown gc, windows-amd64)
# Problematic frame:
# C  [jimage.dll+0x1bc5]
#
# No core dump will be written. Minidumps are not enabled by default on client versions of Windows
#
#

---------------  S U M M A R Y ------------

Command Line: 

Host: Intel(R) Core(TM) i3-6006U CPU @ 2.00GHz, 4 cores, 3G,  Windows 10 , 64 bit Build 19041 (10.0.19041.3636)
Time: Wed Dec 27 22:42:31 2023 India Standard Time elapsed time: 0.023052 seconds (0d 0h 0m 0s)

---------------  T H R E A D  ---------------

Current thread is native thread

Stack: [0x000000d855800000,0x000000d855900000],  sp=0x000000d8558fd980,  free space=1014k
Native frames: (J=compiled Java code, j=interpreted, Vv=VM code, C=native code)
C  [jimage.dll+0x1bc5]
C  [jimage.dll+0x1d53]
C  [jimage.dll+0x2619]
V  [jvm.dll+0x2233d0]
V  [jvm.dll+0xc70c2]
V  [jvm.dll+0x7fcbda]
V  [jvm.dll+0x44c76f]
V  [jvm.dll+0x44e0e1]
C  [jli.dll+0x5287]
C  [ucrtbase.dll+0x21bb2]
C  [KERNEL32.DLL+0x17344]
C  [ntdll.dll+0x526b1]


siginfo: EXCEPTION_ACCESS_VIOLATION (0xc0000005), reading address 0x0000000000017a44


Registers:
RAX=0x0000000000005e8a, RBX=0x000000d8558fda71, RCX=0x00007ff9445b6000, RDX=0x0000000000005e8a
RSP=0x000000d8558fd980, RBP=0x000000d8558fda70, RSI=0x0000000000007366, RDI=0x000000d8558fda70
R8 =0x00007ff9445b4298, R9 =0x000000000000001c, R10=0x00007ff9445c0000, R11=0x00007ff9445b6000
R12=0x0000000000000000, R13=0x000000d8558ffe60, R14=0x000000d8558feae0, R15=0x00007ff902811170
RIP=0x00007ff9445b1bc5, EFLAGS=0x0000000000010246


Top of Stack: (sp=0x000000d8558fd980)
0x000000d8558fd980:   000000d8552f7000 0000000000000003
0x000000d8558fd990:   0000028579b5179c 000000d8558fdaf0
0x000000d8558fd9a0:   0000028579b95420 00007ff9445b1d53
0x000000d8558fd9b0:   000000000000000b 0000028579b95420
0x000000d8558fd9c0:   000000d8558fda11 000000d8558fdaf0
0x000000d8558fd9d0:   00000000000006f5 0000028579b90150
0x000000d8558fd9e0:   00000000000006f5 00000000000006f5
0x000000d8558fd9f0:   00000000000006f5 0000028579b90000
0x000000d8558fda00:   000002857bd90000 00007ff9565ce2a9
0x000000d8558fda10:   0000179171f262f6 000000038e00018f
0x000000d8558fda20:   00007ff9027f0170 0000000000000017
0x000000d8558fda30:   0000028579b95420 000000d8558feae0
0x000000d8558fda40:   000000000000000b 00007ff9445b2619
0x000000d8558fda50:   0000000000000723 0000000000000723
0x000000d8558fda60:   0000000000000723 0000028579b90000
0x000000d8558fda70:   61622e6176616a2f 692f6b646a2f6573
0x000000d8558fda80:   2f6c616e7265746e 6f6974706f2f6d76
0x000000d8558fda90:   000002857900736e 00007ff9000003ff
0x000000d8558fdaa0:   0000000000000723 000002857bd9bda0
0x000000d8558fdab0:   0000000000000723 00007ff9565cead2
0x000000d8558fdac0:   000002857bd9bd90 000002857bd90000
0x000000d8558fdad0:   0000028579b90000 000002857bd9bd90
0x000000d8558fdae0:   00000285000003ff 0000000000000723
0x000000d8558fdaf0:   000002857bd90000 0000028505010004
0x000000d8558fdb00:   0000028579b98490 0000000000005e90
0x000000d8558fdb10:   00000000000005e9 0000028579b90150
0x000000d8558fdb20:   000002857bd9bd90 00007ff9565be3a9
0x000000d8558fdb30:   0000028579b90000 000000d8558fdb80
0x000000d8558fdb40:   0000000000000000 0000000000000000
0x000000d8558fdb50:   0000000000000002 000002857bd90000
0x000000d8558fdb60:   0000000000000004 00007ff953caef82
0x000000d8558fdb70:   000000d8558fdbc0 000000d8558fdb90 

Instructions: (pc=0x00007ff9445b1bc5)
0x00007ff9445b1ac5:   48 85 c9 74 1d 80 3d 3f 45 00 00 00 74 06 48 8b
0x00007ff9445b1ad5:   53 18 eb 04 48 8b 53 40 e8 96 0e 00 00 48 83 63
0x00007ff9445b1ae5:   48 00 8b 4b 0c 83 f9 ff 74 09 e8 cc 0c 00 00 83
0x00007ff9445b1af5:   4b 0c ff 48 8b 4b 70 48 85 c9 74 0f ba 10 00 00
0x00007ff9445b1b05:   00 e8 ed 0e 00 00 48 83 63 70 00 48 83 c4 20 5b
0x00007ff9445b1b15:   c3 cc cc 40 53 48 83 ec 20 48 8b d9 48 8d 0d f8
0x00007ff9445b1b25:   46 00 00 e8 9b 0c 00 00 83 6b 08 01 75 24 48 8b
0x00007ff9445b1b35:   d3 48 8d 0d db 44 00 00 e8 22 08 00 00 48 8b cb
0x00007ff9445b1b45:   e8 d6 fe ff ff ba 78 00 00 00 48 8b cb e8 a1 0e
0x00007ff9445b1b55:   00 00 48 8d 0d c2 46 00 00 48 83 c4 20 5b e9 68
0x00007ff9445b1b65:   0c 00 00 48 89 5c 24 08 48 89 74 24 10 57 48 83
0x00007ff9445b1b75:   ec 20 41 8b f1 4d 8b c8 48 8b fa 4c 8b d9 4d 85
0x00007ff9445b1b85:   c0 74 78 85 f6 74 74 44 8a 12 48 8d 5a 01 48 8b
0x00007ff9445b1b95:   d3 b8 93 01 00 01 eb 12 69 c0 93 01 00 01 41 0f
0x00007ff9445b1ba5:   b6 ca 44 8a 12 33 c1 48 ff c2 45 84 d2 75 e9 4d
0x00007ff9445b1bb5:   8b 03 0f ba f0 1f 33 d2 49 8b cb f7 f6 48 63 c2
0x00007ff9445b1bc5:   41 8b 14 81 41 ff 50 08 85 c0 7e 24 8a 0f eb 10
0x00007ff9445b1bd5:   69 c0 93 01 00 01 0f b6 c9 33 c1 8a 0b 48 ff c3
0x00007ff9445b1be5:   84 c9 75 ec 0f ba f0 1f 33 d2 f7 f6 8b c2 eb 0e
0x00007ff9445b1bf5:   79 09 83 c9 ff 2b c8 8b c1 eb 03 83 c8 ff 48 8b
0x00007ff9445b1c05:   5c 24 30 48 8b 74 24 38 48 83 c4 20 5f c3 cc 48
0x00007ff9445b1c15:   89 5c 24 08 48 89 74 24 10 57 48 83 ec 20 48 8b
0x00007ff9445b1c25:   f1 48 8d 0d f3 45 00 00 e8 96 0b 00 00 33 ff 39
0x00007ff9445b1c35:   3d de 43 00 00 76 24 48 8b 05 dd 43 00 00 48 8b
0x00007ff9445b1c45:   d6 48 8b 1c f8 48 8b 0b e8 68 1e 00 00 85 c0 74
0x00007ff9445b1c55:   2b ff c7 3b 3d ba 43 00 00 72 dc 33 db 48 8d 0d
0x00007ff9445b1c65:   b7 45 00 00 e8 62 0b 00 00 48 8b 74 24 38 48 8b
0x00007ff9445b1c75:   c3 48 8b 5c 24 30 48 83 c4 20 5f c3 ff 43 08 eb
0x00007ff9445b1c85:   dc cc cc 48 89 5c 24 08 48 89 74 24 10 57 48 83
0x00007ff9445b1c95:   ec 20 48 8b d9 48 8b f2 48 8b 49 10 49 8b f8 8b
0x00007ff9445b1ca5:   53 30 48 8b 01 ff 50 20 4c 8b 43 50 48 8b d6 48
0x00007ff9445b1cb5:   8b 4b 10 44 8b c8 e8 a8 fe ff ff 83 f8 ff 74 38 



---------------  P R O C E S S  ---------------

VM state: not at safepoint (not fully initialized)

VM Mutex/Monitor currently owned by a thread: None

GC Precious Log:
<Not initialized>


Dynamic libraries:
0x00007ff749830000 - 0x00007ff749840000 	C:\Program Files\Java\jdk-20\bin\java.exe
0x00007ff9565b0000 - 0x00007ff9567a8000 	C:\Windows\SYSTEM32\ntdll.dll
0x00007ff954e10000 - 0x00007ff954ecd000 	C:\Windows\System32\KERNEL32.DLL
0x00007ff953d90000 - 0x00007ff954086000 	C:\Windows\System32\KERNELBASE.dll
0x00007ff953c90000 - 0x00007ff953d90000 	C:\Windows\System32\ucrtbase.dll
0x00007ff9445c0000 - 0x00007ff9445db000 	C:\Program Files\Java\jdk-20\bin\VCRUNTIME140.dll
0x00007ff94dc60000 - 0x00007ff94dc79000 	C:\Program Files\Java\jdk-20\bin\jli.dll
0x00007ff954a90000 - 0x00007ff954b3f000 	C:\Windows\System32\ADVAPI32.dll
0x00007ff955260000 - 0x00007ff9552fe000 	C:\Windows\System32\msvcrt.dll
0x00007ff954b70000 - 0x00007ff954c0c000 	C:\Windows\System32\sechost.dll
0x00007ff955490000 - 0x00007ff9555b6000 	C:\Windows\System32\RPCRT4.dll
0x00007ff954c70000 - 0x00007ff954e0e000 	C:\Windows\System32\USER32.dll
0x00007ff9545e0000 - 0x00007ff954602000 	C:\Windows\System32\win32u.dll
0x00007ff942020000 - 0x00007ff9422ba000 	C:\Windows\WinSxS\amd64_microsoft.windows.common-controls_6595b64144ccf1df_6.0.19041.3636_none_60b6a03d71f818d5\COMCTL32.dll
0x00007ff954b40000 - 0x00007ff954b6c000 	C:\Windows\System32\GDI32.dll
0x00007ff954360000 - 0x00007ff95447a000 	C:\Windows\System32\gdi32full.dll
0x00007ff954230000 - 0x00007ff9542cd000 	C:\Windows\System32\msvcp_win.dll
0x00007ff94c5f0000 - 0x00007ff94c5fa000 	C:\Windows\SYSTEM32\VERSION.dll
0x00007ff956520000 - 0x00007ff956550000 	C:\Windows\System32\IMM32.DLL
0x00007ff94cbe0000 - 0x00007ff94cbec000 	C:\Program Files\Java\jdk-20\bin\vcruntime140_1.dll
0x00007ff931d00000 - 0x00007ff931d8e000 	C:\Program Files\Java\jdk-20\bin\msvcp140.dll
0x00007ff901eb0000 - 0x00007ff902b47000 	C:\Program Files\Java\jdk-20\bin\server\jvm.dll
0x00007ff943790000 - 0x00007ff9437b7000 	C:\Windows\SYSTEM32\WINMM.dll
0x00007ff94f440000 - 0x00007ff94f449000 	C:\Windows\SYSTEM32\WSOCK32.dll
0x00007ff9551f0000 - 0x00007ff95525b000 	C:\Windows\System32\WS2_32.dll
0x00007ff9524e0000 - 0x00007ff9524f2000 	C:\Windows\SYSTEM32\kernel.appcore.dll
0x00007ff9445b0000 - 0x00007ff9445ba000 	C:\Program Files\Java\jdk-20\bin\jimage.dll
0x00007ff951a40000 - 0x00007ff951c24000 	C:\Windows\SYSTEM32\DBGHELP.DLL
0x00007ff93f0f0000 - 0x00007ff93f124000 	C:\Windows\SYSTEM32\dbgcore.DLL
0x00007ff9542d0000 - 0x00007ff954352000 	C:\Windows\System32\bcryptPrimitives.dll

dbghelp: loaded successfully - version: 4.0.5 - missing functions: none
symbol engine: initialized successfully - sym options: 0x614 - pdb path: .;C:\Program Files\Java\jdk-20\bin;C:\Windows\SYSTEM32;C:\Windows\WinSxS\amd64_microsoft.windows.common-controls_6595b64144ccf1df_6.0.19041.3636_none_60b6a03d71f818d5;C:\Program Files\Java\jdk-20\bin\server

VM Arguments:
java_command: <unknown>
java_class_path (initial): <not set>
Launcher Type: SUN_STANDARD

[Global flags]
     bool UseLargePagesIndividualAllocation        = false                                  {pd product} {ergonomic}

Logging:
Log output configuration:
 #0: stdout all=warning uptime,level,tags foldmultilines=false
 #1: stderr all=off uptime,level,tags foldmultilines=false

Environment Variables:
PATH=C:\Program Files\Common Files\Oracle\Java\javapath;C:\Windows\system32;C:\Windows;C:\Windows\System32\Wbem;C:\Windows\System32\WindowsPowerShell\v1.0\;C:\Windows\System32\OpenSSH\;jdk-20_windows-x64_bin.zip\jdk-20.0.1\bin - ZIP archive, unpacked size 321,327,654 bytes;C:\Program Files\Java\jdk-17\bin;C:\Program Files\MySQL\MySQL Server 8.0\bin;C:\Program Files\MySQL\MySQL Shell 8.0\bin\;C:\Users\my pc\AppData\Local\Microsoft\WindowsApps;;C:\Users\my pc\AppData\Local\Programs\Microsoft VS Code\bin
USERNAME=my pc
OS=Windows_NT
PROCESSOR_IDENTIFIER=Intel64 Family 6 Model 78 Stepping 3, GenuineIntel
TMP=C:\Users\MYPC~1\AppData\Local\Temp
TEMP=C:\Users\MYPC~1\AppData\Local\Temp




---------------  S Y S T E M  ---------------

OS:
 Windows 10 , 64 bit Build 19041 (10.0.19041.3636)
OS uptime: 17 days 15:44 hours

CPU: total 4 (initial active 0) 

Memory: 4k page, system-wide physical 4012M (350M free)
TotalPageFile size 16300M (AvailPageFile size 3M)
current process WorkingSet (physical memory assigned to process): 7M, peak: 7M
current process commit charge ("private bytes"): 3M, peak: 3M

vm_info: Java HotSpot(TM) 64-Bit Server VM (20.0.1+9-29) for windows-amd64 JRE (20.0.1+9-29), built on 2023-03-07T13:56:11Z by "mach5one" with MS VC++ 17.1 (VS2022)

END.
